        -:    0:Source:tcas0.c
        -:    0:Graph:tcas0-tcas0.gcno
        -:    0:Data:tcas0-tcas0.gcda
        -:    0:Runs:1
        -:    0:Programs:1
        -:    1:#include <stdio.h>
        -:    2:
        -:    3:#define OLEV 600       /* in feets/minute */
        -:    4:#define MAXALTDIFF 600 /* max altitude difference in feet */
        -:    5:#define MINSEP 300     /* min separation in feet */
        -:    6:#define NOZCROSS 100   /* in feet */
        -:    7:/* variables */
        -:    8:
        -:    9:typedef int bool;
        -:   10:
        -:   11:int Cur_Vertical_Sep;
        -:   12:bool High_Confidence;
        -:   13:bool Two_of_Three_Reports_Valid;
        -:   14:
        -:   15:int Own_Tracked_Alt;
        -:   16:int Own_Tracked_Alt_Rate;
        -:   17:int Other_Tracked_Alt;
        -:   18:
        -:   19:int Alt_Layer_Value; /* 0, 1, 2, 3 */
        -:   20:int Positive_RA_Alt_Thresh[4];
        -:   21:
        -:   22:int Up_Separation;
        -:   23:int Down_Separation;
        -:   24:
        -:   25:/* state variables */
        -:   26:int Other_RAC; /* NO_INTENT, DO_NOT_CLIMB, DO_NOT_DESCEND */
        -:   27:#define NO_INTENT 0
        -:   28:#define DO_NOT_CLIMB 1
        -:   29:#define DO_NOT_DESCEND 2
        -:   30:
        -:   31:int Other_Capability; /* TCAS_TA, OTHER */
        -:   32:#define TCAS_TA 1
        -:   33:#define OTHER 2
        -:   34:
        -:   35:int Climb_Inhibit; /* true/false */
        -:   36:
        -:   37:#define UNRESOLVED 0
        -:   38:#define UPWARD_RA 1
        -:   39:#define DOWNWARD_RA 2
        -:   40:
        1:   41:void initialize()
        -:   42:{
        1:   43:    Positive_RA_Alt_Thresh[0] = 400;
        1:   44:    Positive_RA_Alt_Thresh[1] = 500;
        1:   45:    Positive_RA_Alt_Thresh[2] = 640;
        1:   46:    Positive_RA_Alt_Thresh[3] = 740;
        1:   47:}
        -:   48:
        2:   49:int ALIM()
        -:   50:{
        2:   51:    return Positive_RA_Alt_Thresh[Alt_Layer_Value];
        -:   52:}
        -:   53:
        2:   54:int Inhibit_Biased_Climb()
        -:   55:{
        2:   56:    return (Climb_Inhibit ? Up_Separation + NOZCROSS : Up_Separation);
        -:   57:}
        -:   58:
        1:   59:bool Non_Crossing_Biased_Climb()
        -:   60:{
        -:   61:    int upward_preferred;
        -:   62:    int upward_crossing_situation;
        -:   63:    bool result;
        -:   64:
        -:   65:    // upward_preferred = Inhibit_Biased_Climb() > Down_Separation;
        1:   66:    if (Inhibit_Biased_Climb() > Down_Separation)
        1:   67:        upward_preferred = 1;
        -:   68:    else
    #####:   69:        upward_preferred = 0;
        -:   70:
        1:   71:    if (upward_preferred)
        -:   72:    {
        1:   73:        result = !(Own_Below_Threat()) || ((Own_Below_Threat()) && (!(Down_Separation >= ALIM())));
        1:   74:    }
        -:   75:    else
        -:   76:    {
    #####:   77:        result = Own_Above_Threat() && (Cur_Vertical_Sep >= MINSEP) && (Up_Separation >= ALIM());
        -:   78:    }
        1:   79:    return result;
        -:   80:}
        -:   81:
        1:   82:bool Non_Crossing_Biased_Descend()
        -:   83:{
        -:   84:    int upward_preferred;
        -:   85:    int upward_crossing_situation;
        -:   86:    bool result;
        -:   87:
        1:   88:    upward_preferred = Inhibit_Biased_Climb() > Down_Separation;
        1:   89:    if (upward_preferred)
        -:   90:    {
        1:   91:        result = Own_Below_Threat() && (Cur_Vertical_Sep >= MINSEP) && (Down_Separation >= ALIM());
        1:   92:    }
        -:   93:    else
        -:   94:    {
    #####:   95:        result = !(Own_Above_Threat()) || ((Own_Above_Threat()) && (Up_Separation >= ALIM()));
        -:   96:    }
        1:   97:    return result;
        -:   98:}
        -:   99:
        3:  100:bool Own_Below_Threat()
        -:  101:{
        3:  102:    return (Own_Tracked_Alt < Other_Tracked_Alt);
        -:  103:}
        -:  104:
        1:  105:bool Own_Above_Threat()
        -:  106:{
        1:  107:    return (Other_Tracked_Alt < Own_Tracked_Alt);
        -:  108:}
        -:  109:
        1:  110:int alt_sep_test()
        -:  111:{
        -:  112:    bool enabled, tcas_equipped, intent_not_known;
        -:  113:    bool need_upward_RA, need_downward_RA;
        -:  114:    int alt_sep;
        -:  115:
        1:  116:    enabled = High_Confidence && (Own_Tracked_Alt_Rate <= OLEV) && (Cur_Vertical_Sep > MAXALTDIFF);
        1:  117:    tcas_equipped = Other_Capability == TCAS_TA;
        1:  118:    intent_not_known = Two_of_Three_Reports_Valid && Other_RAC == NO_INTENT;
        -:  119:
        1:  120:    alt_sep = UNRESOLVED;
        -:  121:
        1:  122:    if (enabled && ((tcas_equipped && intent_not_known) || !tcas_equipped))
        -:  123:    {
        1:  124:        need_upward_RA = Non_Crossing_Biased_Climb() && Own_Below_Threat();
        1:  125:        need_downward_RA = Non_Crossing_Biased_Descend() && Own_Above_Threat();
        1:  126:        if (need_upward_RA && need_downward_RA)
        -:  127:            /* unreachable: requires Own_Below_Threat and Own_Above_Threat
        -:  128:               to both be true - that requires Own_Tracked_Alt < Other_Tracked_Alt
        -:  129:               and Other_Tracked_Alt < Own_Tracked_Alt, which isn't possible */
    #####:  130:            alt_sep = UNRESOLVED;
        1:  131:        else if (need_upward_RA)
    #####:  132:            alt_sep = UPWARD_RA;
        1:  133:        else if (need_downward_RA)
    #####:  134:            alt_sep = DOWNWARD_RA;
        -:  135:        else
        1:  136:            alt_sep = UNRESOLVED;
        1:  137:    }
        -:  138:
        1:  139:    return alt_sep;
        -:  140:}
        -:  141:
        1:  142:main(argc, argv) int argc;
        -:  143:char *argv[];
        -:  144:{
        1:  145:    if (argc < 13)
        -:  146:    {
    #####:  147:        fprintf(stdout, "Error: Command line arguments are\n");
    #####:  148:        fprintf(stdout, "Cur_Vertical_Sep, High_Confidence, Two_of_Three_Reports_Valid\n");
    #####:  149:        fprintf(stdout, "Own_Tracked_Alt, Own_Tracked_Alt_Rate, Other_Tracked_Alt\n");
    #####:  150:        fprintf(stdout, "Alt_Layer_Value, Up_Separation, Down_Separation\n");
    #####:  151:        fprintf(stdout, "Other_RAC, Other_Capability, Climb_Inhibit\n");
    #####:  152:        exit(1);
        -:  153:    }
        1:  154:    initialize();
        1:  155:    Cur_Vertical_Sep = atoi(argv[1]);
        1:  156:    High_Confidence = atoi(argv[2]);
        1:  157:    Two_of_Three_Reports_Valid = atoi(argv[3]);
        1:  158:    Own_Tracked_Alt = atoi(argv[4]);
        1:  159:    Own_Tracked_Alt_Rate = atoi(argv[5]);
        1:  160:    Other_Tracked_Alt = atoi(argv[6]);
        1:  161:    Alt_Layer_Value = atoi(argv[7]);
        1:  162:    Up_Separation = atoi(argv[8]);
        1:  163:    Down_Separation = atoi(argv[9]);
        1:  164:    Other_RAC = atoi(argv[10]);
        1:  165:    Other_Capability = atoi(argv[11]);
        1:  166:    Climb_Inhibit = atoi(argv[12]);
        -:  167:
        1:  168:    fprintf(stdout, "%d\n", alt_sep_test());
        1:  169:    exit(0);
        -:  170:}
